<?xml version="1.0" encoding="UTF-8"?>
<!-- Generated by org.testng.reporters.JUnitReportReporter -->
<testsuite skipped="0" hostname="DESKTOP-PGP87JA" name="testCases.Login_Test" tests="1" failures="0" timestamp="19 Jul 2020 18:03:24 GMT" time="5.300" errors="0">
  <testcase name="login" time="5.300" classname="testCases.Login_Test"/>
</testsuite> <!-- testCases.Login_Test -->
